<?xml version="1.0" encoding="UTF-8"?>
<!-- Generated by org.testng.reporters.JUnitReportReporter -->
<testsuite hostname="DESKTOP-B24PROE" failures="0" tests="1" name="test.AddCustomerTest" time="7.900" errors="0" timestamp="2023-01-18T13:00:15 CST" skipped="0">
  <testcase classname="test.AddCustomerTest" name="validCustomerShouldBeAbleToCreatCustomer" time="7.900"/>
  <system-out/>
</testsuite> <!-- test.AddCustomerTest -->
