<?xml version="1.0" encoding="UTF-8"?>
<!-- Generated by org.testng.reporters.JUnitReportReporter -->
<testsuite hostname="DESKTOP-B24PROE" failures="0" tests="1" name="test.AddCustomerTest" time="8.040" errors="0" timestamp="2023-01-23T07:40:20 CST" skipped="0">
  <testcase classname="test.AddCustomerTest" name="validCustomerShouldBeAbleToCreatCustomer" time="8.040"/>
  <system-out/>
</testsuite> <!-- test.AddCustomerTest -->
